Using pre-set license
Built from '2020.3/staging' branch; Version is '2020.3.48f1 (b805b124c6b7) revision 12060081'; Using compiler version '192528614'; Build Type 'Release'
OS: 'Windows 11  (10.0.22631) 64bit CoreSingleLanguage' Language: 'en' Physical Memory: 16167 MB
BatchMode: 1, IsHumanControllingUs: 0, StartBugReporterOnCrash: 0, Is64bit: 1, IsPro: 0

COMMAND LINE ARGUMENTS:
C:\Program Files\Unity 2020.3.48f1\Editor\Unity.exe
-adb2
-batchMode
-noUpm
-name
AssetImportWorker0
-projectPath
C:/Kuliah/Tugas Kuliah Smt 6/Praktikum Animasi dan Game/Project Unity/Tugas
-logFile
Logs/AssetImportWorker0.log
-srvPort
39996
Successfully changed project path to: C:/Kuliah/Tugas Kuliah Smt 6/Praktikum Animasi dan Game/Project Unity/Tugas
C:/Kuliah/Tugas Kuliah Smt 6/Praktikum Animasi dan Game/Project Unity/Tugas
Using Asset Import Pipeline V2.
Player connection [15808] Host "[IP] 192.168.56.1 [Port] 2953007584 [Flags] 2 [Guid] 1144164739 [EditorId] 1144164739 [Version] 1048832 [Id] WindowsEditor(7,LAPTOP-QFKGCKTL) [Debug] 1 [PackageName] WindowsEditor [ProjectName] Editor" joined multi-casting on [225.0.0.222:54997]...

Player connection [15808] Host "[IP] 192.168.56.1 [Port] 2953007584 [Flags] 2 [Guid] 1144164739 [EditorId] 1144164739 [Version] 1048832 [Id] WindowsEditor(7,LAPTOP-QFKGCKTL) [Debug] 1 [PackageName] WindowsEditor [ProjectName] Editor" joined alternative multi-casting on [225.0.0.222:34997]...

Refreshing native plugins compatible for Editor in 45.02 ms, found 3 plugins.
Preloading 0 native plugins for Editor in 0.00 ms.
Initialize engine version: 2020.3.48f1 (b805b124c6b7)
[Subsystems] Discovering subsystems at path C:/Program Files/Unity 2020.3.48f1/Editor/Data/Resources/UnitySubsystems
[Subsystems] Discovering subsystems at path C:/Kuliah/Tugas Kuliah Smt 6/Praktikum Animasi dan Game/Project Unity/Tugas/Assets
GfxDevice: creating device client; threaded=0
Direct3D:
    Version:  Direct3D 11.0 [level 11.1]
    Renderer: NVIDIA GeForce RTX 3050 Ti Laptop GPU (ID=0x25e0)
    Vendor:   
    VRAM:     3962 MB
    Driver:   31.0.15.5244
Initialize mono
Mono path[0] = 'C:/Program Files/Unity 2020.3.48f1/Editor/Data/Managed'
Mono path[1] = 'C:/Program Files/Unity 2020.3.48f1/Editor/Data/MonoBleedingEdge/lib/mono/unityjit'
Mono config path = 'C:/Program Files/Unity 2020.3.48f1/Editor/Data/MonoBleedingEdge/etc'
Using monoOptions --debugger-agent=transport=dt_socket,embedding=1,server=y,suspend=n,address=127.0.0.1:56620
Begin MonoManager ReloadAssembly
Registering precompiled unity dll's ...
Register platform support module: C:/Program Files/Unity 2020.3.48f1/Editor/Data/PlaybackEngines/WindowsStandaloneSupport/UnityEditor.WindowsStandalone.Extensions.dll
Registered in 0.001355 seconds.
Native extension for WindowsStandalone target not found
Refreshing native plugins compatible for Editor in 38.29 ms, found 3 plugins.
Preloading 0 native plugins for Editor in 0.00 ms.
Mono: successfully reloaded assembly
- Completed reload, in  0.648 seconds
Domain Reload Profiling:
	ReloadAssembly (649ms)
		BeginReloadAssembly (68ms)
			ExecutionOrderSort (0ms)
			DisableScriptedObjects (0ms)
			BackupInstance (0ms)
			ReleaseScriptingObjects (0ms)
			CreateAndSetChildDomain (1ms)
		EndReloadAssembly (495ms)
			LoadAssemblies (68ms)
			RebuildTransferFunctionScriptingTraits (0ms)
			SetupTypeCache (183ms)
			ReleaseScriptCaches (0ms)
			RebuildScriptCaches (31ms)
			SetupLoadedEditorAssemblies (141ms)
				LogAssemblyErrors (0ms)
				InitializePlatformSupportModulesInManaged (3ms)
				SetLoadedEditorAssemblies (0ms)
				RefreshPlugins (38ms)
				BeforeProcessingInitializeOnLoad (8ms)
				ProcessInitializeOnLoadAttributes (66ms)
				ProcessInitializeOnLoadMethodAttributes (26ms)
				AfterProcessingInitializeOnLoad (0ms)
				EditorAssembliesLoaded (0ms)
			ExecutionOrderSort2 (0ms)
			AwakeInstancesAfterBackupRestoration (0ms)
Platform modules already initialized, skipping
Registering precompiled user dll's ...
Registered in 0.003448 seconds.
Begin MonoManager ReloadAssembly
Native extension for WindowsStandalone target not found
Refreshing native plugins compatible for Editor in 51.15 ms, found 3 plugins.
Preloading 0 native plugins for Editor in 0.00 ms.
Mono: successfully reloaded assembly
- Completed reload, in  1.016 seconds
Domain Reload Profiling:
	ReloadAssembly (1017ms)
		BeginReloadAssembly (150ms)
			ExecutionOrderSort (0ms)
			DisableScriptedObjects (4ms)
			BackupInstance (0ms)
			ReleaseScriptingObjects (0ms)
			CreateAndSetChildDomain (18ms)
		EndReloadAssembly (814ms)
			LoadAssemblies (107ms)
			RebuildTransferFunctionScriptingTraits (0ms)
			SetupTypeCache (253ms)
			ReleaseScriptCaches (0ms)
			RebuildScriptCaches (41ms)
			SetupLoadedEditorAssemblies (318ms)
				LogAssemblyErrors (0ms)
				InitializePlatformSupportModulesInManaged (3ms)
				SetLoadedEditorAssemblies (0ms)
				RefreshPlugins (51ms)
				BeforeProcessingInitializeOnLoad (73ms)
				ProcessInitializeOnLoadAttributes (173ms)
				ProcessInitializeOnLoadMethodAttributes (12ms)
				AfterProcessingInitializeOnLoad (5ms)
				EditorAssembliesLoaded (0ms)
			ExecutionOrderSort2 (0ms)
			AwakeInstancesAfterBackupRestoration (2ms)
Platform modules already initialized, skipping
========================================================================
Worker process is ready to serve import requests
Launched and connected shader compiler UnityShaderCompiler.exe after 0.05 seconds
Refreshing native plugins compatible for Editor in 0.48 ms, found 3 plugins.
Preloading 0 native plugins for Editor in 0.00 ms.
Unloading 2014 Unused Serialized files (Serialized files now loaded: 0)
System memory in use before: 92.7 MB.
System memory in use after: 92.6 MB.

Unloading 29 unused Assets to reduce memory usage. Loaded Objects now: 2448.
Total: 3.652000 ms (FindLiveObjects: 0.205300 ms CreateObjectMapping: 0.087500 ms MarkObjects: 3.224000 ms  DeleteObjects: 0.133500 ms)

AssetImportParameters requested are different than current active one (requested -> active):
  custom:framework-win-MediaFoundation: 216162199b28c13a410421893ffa2e32 -> 
  custom:video-decoder-ogg-theora: a1e56fd34408186e4bbccfd4996cb3dc -> 
  custom:container-muxer-webm: aa71ff27fc2769a1b78a27578f13a17b -> 
  custom:container-demuxer-webm: 4f35f7cbe854078d1ac9338744f61a02 -> 
  custom:container-demuxer-ogg: 62fdf1f143b41e24485cea50d1cbac27 -> 
  custom:video-encoder-webm-vp8: eb34c28f22e8b96e1ab97ce403110664 -> 
  custom:video-codec-MediaFoundation-h265: 746d11721c4dcdbdad8f713fa42b33f4 -> 
  custom:video-decoder-webm-vp8: 9c59270c3fd7afecdb556c50c9e8de78 -> 
  custom:audio-decoder-ogg-vorbis: bf7c407c2cedff20999df2af8eb42d56 -> 
  custom:audio-encoder-webm-vorbis: bf7c407c2cedff20999df2af8eb42d56 -> 
========================================================================
Received Import Request.
  path: Assets/Free Pixel Space Platform Pack/Plants/GreenBush.png
  artifactKey: Guid(da20a98f295c37f45a640ed110f4cc95) Importer(815301076,1909f56bfc062723c751e8b465ee728b)
Start importing Assets/Free Pixel Space Platform Pack/Plants/GreenBush.png using Guid(da20a98f295c37f45a640ed110f4cc95) Importer(815301076,1909f56bfc062723c751e8b465ee728b)  -> (artifact id: 'f4243ef971c453efe5bf7cf1007826cd') in 0.086597 seconds 
========================================================================
Received Import Request.
  Time since last request: 0.000479 seconds.
  path: Assets/Free Pixel Space Platform Pack/Lever/LeverDown.png
  artifactKey: Guid(53fe5536596828e4d825b293ed6fa148) Importer(815301076,1909f56bfc062723c751e8b465ee728b)
Start importing Assets/Free Pixel Space Platform Pack/Lever/LeverDown.png using Guid(53fe5536596828e4d825b293ed6fa148) Importer(815301076,1909f56bfc062723c751e8b465ee728b)  -> (artifact id: 'b92fac65f5a4abd304c801c298bc13a2') in 0.012827 seconds 
========================================================================
Received Import Request.
  Time since last request: 0.000250 seconds.
  path: Assets/Free Pixel Space Platform Pack/Plants/GreenTree_02.png
  artifactKey: Guid(94f96ef6adad1744a814e6b8ece0ec8d) Importer(815301076,1909f56bfc062723c751e8b465ee728b)
Start importing Assets/Free Pixel Space Platform Pack/Plants/GreenTree_02.png using Guid(94f96ef6adad1744a814e6b8ece0ec8d) Importer(815301076,1909f56bfc062723c751e8b465ee728b)  -> (artifact id: '5d03fb2f90c561687c61abf30b10d7cc') in 0.010213 seconds 
========================================================================
Received Import Request.
  Time since last request: 0.000256 seconds.
  path: Assets/Free Pixel Space Platform Pack/Plants/GreenTree_01.png
  artifactKey: Guid(1fd6c0bea09fddd499980688c890931a) Importer(815301076,1909f56bfc062723c751e8b465ee728b)
Start importing Assets/Free Pixel Space Platform Pack/Plants/GreenTree_01.png using Guid(1fd6c0bea09fddd499980688c890931a) Importer(815301076,1909f56bfc062723c751e8b465ee728b)  -> (artifact id: 'd2882fb384ef7c2a9b62d2d08cc5db05') in 0.009678 seconds 
========================================================================
Received Import Request.
  Time since last request: 0.000194 seconds.
  path: Assets/Free Pixel Space Platform Pack/Astronaut/AstroJump.png
  artifactKey: Guid(595455060f74ad64b8c6e73ef963ec3d) Importer(815301076,1909f56bfc062723c751e8b465ee728b)
Start importing Assets/Free Pixel Space Platform Pack/Astronaut/AstroJump.png using Guid(595455060f74ad64b8c6e73ef963ec3d) Importer(815301076,1909f56bfc062723c751e8b465ee728b)  -> (artifact id: 'b4beb980798544a82c61792f7a1ab5ec') in 0.017440 seconds 
========================================================================
Received Import Request.
  Time since last request: 0.000197 seconds.
  path: Assets/Free Pixel Space Platform Pack/Astronaut/AstroWalk.png
  artifactKey: Guid(dfc7090c56f3626418196653e1eb610d) Importer(815301076,1909f56bfc062723c751e8b465ee728b)
Start importing Assets/Free Pixel Space Platform Pack/Astronaut/AstroWalk.png using Guid(dfc7090c56f3626418196653e1eb610d) Importer(815301076,1909f56bfc062723c751e8b465ee728b)  -> (artifact id: '1db16b66fef69bf115f69ada591fc0f3') in 0.024535 seconds 
========================================================================
Received Import Request.
  Time since last request: 0.000274 seconds.
  path: Assets/Free Pixel Space Platform Pack/Plants/VioletMushroom_02.png
  artifactKey: Guid(9cd9401400962034eb249e1823bc1917) Importer(815301076,1909f56bfc062723c751e8b465ee728b)
Start importing Assets/Free Pixel Space Platform Pack/Plants/VioletMushroom_02.png using Guid(9cd9401400962034eb249e1823bc1917) Importer(815301076,1909f56bfc062723c751e8b465ee728b)  -> (artifact id: 'a19d7e4c4463c4b8c5d724ad71e1c184') in 0.012913 seconds 
========================================================================
Received Import Request.
  Time since last request: 0.000326 seconds.
  path: Assets/Free Pixel Space Platform Pack/Portal/PortalOff.png
  artifactKey: Guid(ecb1aaf3f627cd44e80d674bfd9228f2) Importer(815301076,1909f56bfc062723c751e8b465ee728b)
Start importing Assets/Free Pixel Space Platform Pack/Portal/PortalOff.png using Guid(ecb1aaf3f627cd44e80d674bfd9228f2) Importer(815301076,1909f56bfc062723c751e8b465ee728b)  -> (artifact id: 'b678847353a513641a14a010832cf3d3') in 0.011702 seconds 
========================================================================
Received Import Request.
  Time since last request: 0.000367 seconds.
  path: Assets/Free Pixel Space Platform Pack/Lever/LeverUp.png
  artifactKey: Guid(d002eee2b7a4ced4d82149a2f764a3b6) Importer(815301076,1909f56bfc062723c751e8b465ee728b)
Start importing Assets/Free Pixel Space Platform Pack/Lever/LeverUp.png using Guid(d002eee2b7a4ced4d82149a2f764a3b6) Importer(815301076,1909f56bfc062723c751e8b465ee728b)  -> (artifact id: '48822df6bece18c952d59adce6881715') in 0.009958 seconds 
========================================================================
Received Import Request.
  Time since last request: 0.000313 seconds.
  path: Assets/Free Pixel Space Platform Pack/Crystals/Crystal_02.png
  artifactKey: Guid(7a4e2a16a00a6d645b159d4890bfc3a4) Importer(815301076,1909f56bfc062723c751e8b465ee728b)
Start importing Assets/Free Pixel Space Platform Pack/Crystals/Crystal_02.png using Guid(7a4e2a16a00a6d645b159d4890bfc3a4) Importer(815301076,1909f56bfc062723c751e8b465ee728b)  -> (artifact id: '03faa280562084cc72d20402a6b1ce48') in 0.011037 seconds 
========================================================================
Received Import Request.
  Time since last request: 0.000264 seconds.
  path: Assets/Free Pixel Space Platform Pack/Plants/VioletMushroom_01.png
  artifactKey: Guid(91b8dcd8b97f858439485b63a6278b62) Importer(815301076,1909f56bfc062723c751e8b465ee728b)
Start importing Assets/Free Pixel Space Platform Pack/Plants/VioletMushroom_01.png using Guid(91b8dcd8b97f858439485b63a6278b62) Importer(815301076,1909f56bfc062723c751e8b465ee728b)  -> (artifact id: '0c5b01d5f044b19b37920fa58627e20e') in 0.009794 seconds 
========================================================================
Received Import Request.
  Time since last request: 0.000220 seconds.
  path: Assets/Free Pixel Space Platform Pack/Plants/GrassDown_01.png
  artifactKey: Guid(88ef4bfdabca9e644a0a8f1e0c592cba) Importer(815301076,1909f56bfc062723c751e8b465ee728b)
Start importing Assets/Free Pixel Space Platform Pack/Plants/GrassDown_01.png using Guid(88ef4bfdabca9e644a0a8f1e0c592cba) Importer(815301076,1909f56bfc062723c751e8b465ee728b)  -> (artifact id: '921c30b9ca0a574e864b538d07391e26') in 0.010079 seconds 
========================================================================
Received Import Request.
  Time since last request: 0.000197 seconds.
  path: Assets/Free Pixel Space Platform Pack/Crystals/Crystal_01.png
  artifactKey: Guid(74a5671230dc7084fa09de6ca3a551ab) Importer(815301076,1909f56bfc062723c751e8b465ee728b)
Start importing Assets/Free Pixel Space Platform Pack/Crystals/Crystal_01.png using Guid(74a5671230dc7084fa09de6ca3a551ab) Importer(815301076,1909f56bfc062723c751e8b465ee728b)  -> (artifact id: '041b124936aea1ca7bfa14243621f6c2') in 0.011256 seconds 
========================================================================
Received Import Request.
  Time since last request: 0.000284 seconds.
  path: Assets/Free Pixel Space Platform Pack/Ladders/Ladder_02.png
  artifactKey: Guid(9a23dc9da5aeadf4384f2ef234210a57) Importer(815301076,1909f56bfc062723c751e8b465ee728b)
Start importing Assets/Free Pixel Space Platform Pack/Ladders/Ladder_02.png using Guid(9a23dc9da5aeadf4384f2ef234210a57) Importer(815301076,1909f56bfc062723c751e8b465ee728b)  -> (artifact id: 'df8c63904c3a5935c677fb3ece4b37de') in 0.010757 seconds 
========================================================================
Received Import Request.
  Time since last request: 0.000323 seconds.
  path: Assets/Free Pixel Space Platform Pack/Plants/GrassUp.png
  artifactKey: Guid(c33597f3b548250438320bd772ebb30e) Importer(815301076,1909f56bfc062723c751e8b465ee728b)
Start importing Assets/Free Pixel Space Platform Pack/Plants/GrassUp.png using Guid(c33597f3b548250438320bd772ebb30e) Importer(815301076,1909f56bfc062723c751e8b465ee728b)  -> (artifact id: '16ce2ec710738b4d95b23249b8565362') in 0.009674 seconds 
========================================================================
Received Import Request.
  Time since last request: 0.000383 seconds.
  path: Assets/Free Pixel Space Platform Pack/Astronaut/AstroStay.png
  artifactKey: Guid(7147553b1e72eec449c5ace4f9f4d13a) Importer(815301076,1909f56bfc062723c751e8b465ee728b)
Start importing Assets/Free Pixel Space Platform Pack/Astronaut/AstroStay.png using Guid(7147553b1e72eec449c5ace4f9f4d13a) Importer(815301076,1909f56bfc062723c751e8b465ee728b)  -> (artifact id: '40738c6ee005476622b09fca091d8b60') in 0.011252 seconds 
========================================================================
Received Import Request.
  Time since last request: 0.000251 seconds.
  path: Assets/Free Pixel Space Platform Pack/Boxes/Box_01.png
  artifactKey: Guid(1470a8da87de4eb44966e953ef10b55e) Importer(815301076,1909f56bfc062723c751e8b465ee728b)
Start importing Assets/Free Pixel Space Platform Pack/Boxes/Box_01.png using Guid(1470a8da87de4eb44966e953ef10b55e) Importer(815301076,1909f56bfc062723c751e8b465ee728b)  -> (artifact id: '2659680e451fc5fcde1049a913908933') in 0.010600 seconds 
========================================================================
Received Import Request.
  Time since last request: 0.000213 seconds.
  path: Assets/Free Pixel Space Platform Pack/Boxes/Box_02.png
  artifactKey: Guid(3893185237368e74eab199e2a1a99651) Importer(815301076,1909f56bfc062723c751e8b465ee728b)
Start importing Assets/Free Pixel Space Platform Pack/Boxes/Box_02.png using Guid(3893185237368e74eab199e2a1a99651) Importer(815301076,1909f56bfc062723c751e8b465ee728b)  -> (artifact id: '4853fa43fb61720906cc57d8e4d20a8b') in 0.011207 seconds 
========================================================================
Received Import Request.
  Time since last request: 0.000209 seconds.
  path: Assets/Free Pixel Space Platform Pack/Plants/VioletTree_01.png
  artifactKey: Guid(0ea2d438142d63f4da9a3d26c09921a0) Importer(815301076,1909f56bfc062723c751e8b465ee728b)
Start importing Assets/Free Pixel Space Platform Pack/Plants/VioletTree_01.png using Guid(0ea2d438142d63f4da9a3d26c09921a0) Importer(815301076,1909f56bfc062723c751e8b465ee728b)  -> (artifact id: '1c08c6930bbd538191da81a65b5b0fdb') in 0.012301 seconds 
========================================================================
Received Import Request.
  Time since last request: 0.000279 seconds.
  path: Assets/Free Pixel Space Platform Pack/Crystals/Crystal_03.png
  artifactKey: Guid(06443816dcf9c55449f8c2107d2c0507) Importer(815301076,1909f56bfc062723c751e8b465ee728b)
Start importing Assets/Free Pixel Space Platform Pack/Crystals/Crystal_03.png using Guid(06443816dcf9c55449f8c2107d2c0507) Importer(815301076,1909f56bfc062723c751e8b465ee728b)  -> (artifact id: '5e01d994bbe393c7f97ffe324f7de898') in 0.010962 seconds 
========================================================================
Received Import Request.
  Time since last request: 0.000212 seconds.
  path: Assets/Free Pixel Space Platform Pack/Ladders/Ladder_01.png
  artifactKey: Guid(620def5c8baa13d4e8e6ee6f2fc64d7d) Importer(815301076,1909f56bfc062723c751e8b465ee728b)
Start importing Assets/Free Pixel Space Platform Pack/Ladders/Ladder_01.png using Guid(620def5c8baa13d4e8e6ee6f2fc64d7d) Importer(815301076,1909f56bfc062723c751e8b465ee728b)  -> (artifact id: 'ee116479d4628b006f42510612a030d1') in 0.010968 seconds 
========================================================================
Received Import Request.
  Time since last request: 0.000233 seconds.
  path: Assets/Free Pixel Space Platform Pack/Background/SpaceBackGround.png
  artifactKey: Guid(7531ee5749d7b3c41a9c675fd9e784e9) Importer(815301076,1909f56bfc062723c751e8b465ee728b)
Start importing Assets/Free Pixel Space Platform Pack/Background/SpaceBackGround.png using Guid(7531ee5749d7b3c41a9c675fd9e784e9) Importer(815301076,1909f56bfc062723c751e8b465ee728b)  -> (artifact id: 'd3622fe4994cbac370c260f690f94b4f') in 0.012887 seconds 
========================================================================
Received Import Request.
  Time since last request: 0.000279 seconds.
  path: Assets/Free Pixel Space Platform Pack/Astronaut/AstroLadder.png
  artifactKey: Guid(9e32e8a78482a0142b7d8c36040d3ad5) Importer(815301076,1909f56bfc062723c751e8b465ee728b)
Start importing Assets/Free Pixel Space Platform Pack/Astronaut/AstroLadder.png using Guid(9e32e8a78482a0142b7d8c36040d3ad5) Importer(815301076,1909f56bfc062723c751e8b465ee728b)  -> (artifact id: 'f4269d1d5d0050b1ee3259d8f8c21704') in 0.016135 seconds 
========================================================================
Received Import Request.
  Time since last request: 0.000296 seconds.
  path: Assets/Free Pixel Space Platform Pack/Plants/GrassDown_02.png
  artifactKey: Guid(058550cb77f069e4396c1ed3b73b21d1) Importer(815301076,1909f56bfc062723c751e8b465ee728b)
Start importing Assets/Free Pixel Space Platform Pack/Plants/GrassDown_02.png using Guid(058550cb77f069e4396c1ed3b73b21d1) Importer(815301076,1909f56bfc062723c751e8b465ee728b)  -> (artifact id: 'a40b0ebd0bfdb1a8eedc062c0aa92674') in 0.010904 seconds 
========================================================================
Received Import Request.
  Time since last request: 0.000251 seconds.
  path: Assets/Free Pixel Space Platform Pack/Plants/GreenTree_03.png
  artifactKey: Guid(6b7a70471676896428a5f414f73c2134) Importer(815301076,1909f56bfc062723c751e8b465ee728b)
Start importing Assets/Free Pixel Space Platform Pack/Plants/GreenTree_03.png using Guid(6b7a70471676896428a5f414f73c2134) Importer(815301076,1909f56bfc062723c751e8b465ee728b)  -> (artifact id: '777c94e81d24a85c2cfd5ce702e29e99') in 0.010519 seconds 
========================================================================
Received Import Request.
  Time since last request: 0.000281 seconds.
  path: Assets/Free Pixel Space Platform Pack/Portal/PortalOn.png
  artifactKey: Guid(a250755ac1951bb4fa0ea9b06a3408a8) Importer(815301076,1909f56bfc062723c751e8b465ee728b)
Start importing Assets/Free Pixel Space Platform Pack/Portal/PortalOn.png using Guid(a250755ac1951bb4fa0ea9b06a3408a8) Importer(815301076,1909f56bfc062723c751e8b465ee728b)  -> (artifact id: 'e40c0d37e35fc4460e8abf1a2cd939e6') in 0.011260 seconds 
========================================================================
Received Import Request.
  Time since last request: 0.226789 seconds.
  path: Assets/Free Pixel Space Platform Pack/Spikes/Spike_01.png
  artifactKey: Guid(2bf6f07b07a95fa4b82d50ebaa4d46c2) Importer(815301076,1909f56bfc062723c751e8b465ee728b)
Start importing Assets/Free Pixel Space Platform Pack/Spikes/Spike_01.png using Guid(2bf6f07b07a95fa4b82d50ebaa4d46c2) Importer(815301076,1909f56bfc062723c751e8b465ee728b)  -> (artifact id: '7dbca4330e6e3eae9407a65355baa534') in 0.010191 seconds 
========================================================================
Received Import Request.
  Time since last request: 0.000531 seconds.
  path: Assets/Free Pixel Space Platform Pack/Spikes/Spike_04.png
  artifactKey: Guid(9a80b48bb9ff266408fd34f946cae49c) Importer(815301076,1909f56bfc062723c751e8b465ee728b)
Start importing Assets/Free Pixel Space Platform Pack/Spikes/Spike_04.png using Guid(9a80b48bb9ff266408fd34f946cae49c) Importer(815301076,1909f56bfc062723c751e8b465ee728b)  -> (artifact id: '2d0f53fc112f1777332e2fbc32b2e1ae') in 0.010784 seconds 
========================================================================
Received Import Request.
  Time since last request: 0.000251 seconds.
  path: Assets/Free Pixel Space Platform Pack/Spikes/Spike_03.png
  artifactKey: Guid(f9ca9e3ba4deed54988fe281e5ccf4ef) Importer(815301076,1909f56bfc062723c751e8b465ee728b)
Start importing Assets/Free Pixel Space Platform Pack/Spikes/Spike_03.png using Guid(f9ca9e3ba4deed54988fe281e5ccf4ef) Importer(815301076,1909f56bfc062723c751e8b465ee728b)  -> (artifact id: '00607a1439a815b026a135b1197112de') in 0.010237 seconds 
========================================================================
Received Import Request.
  Time since last request: 0.000240 seconds.
  path: Assets/Free Pixel Space Platform Pack/Spikes/Spike_02.png
  artifactKey: Guid(dddd89db6df12524186d273282174949) Importer(815301076,1909f56bfc062723c751e8b465ee728b)
Start importing Assets/Free Pixel Space Platform Pack/Spikes/Spike_02.png using Guid(dddd89db6df12524186d273282174949) Importer(815301076,1909f56bfc062723c751e8b465ee728b)  -> (artifact id: 'f8f92a5880f38288fb3f6b5bf8ca1bfa') in 0.011315 seconds 
========================================================================
Received Import Request.
  Time since last request: 0.000239 seconds.
  path: Assets/Free Pixel Space Platform Pack/Spikes/Spike_05.png
  artifactKey: Guid(787eeb44b2cc7a347be0f5bcae610819) Importer(815301076,1909f56bfc062723c751e8b465ee728b)
Start importing Assets/Free Pixel Space Platform Pack/Spikes/Spike_05.png using Guid(787eeb44b2cc7a347be0f5bcae610819) Importer(815301076,1909f56bfc062723c751e8b465ee728b)  -> (artifact id: 'b215f04d9ad46ac5b87f5c8caa8920cf') in 0.011780 seconds 
========================================================================
Received Import Request.
  Time since last request: 0.541503 seconds.
  path: Assets/Free Pixel Space Platform Pack/Platforms/Platform_01.png
  artifactKey: Guid(d5a5a095533998846bf0837cde435e5d) Importer(815301076,1909f56bfc062723c751e8b465ee728b)
Start importing Assets/Free Pixel Space Platform Pack/Platforms/Platform_01.png using Guid(d5a5a095533998846bf0837cde435e5d) Importer(815301076,1909f56bfc062723c751e8b465ee728b)  -> (artifact id: 'd4c88cd0fac38a9bc8f0c9a2947171c1') in 0.011392 seconds 
========================================================================
Received Import Request.
  Time since last request: 0.000716 seconds.
  path: Assets/Free Pixel Space Platform Pack/Platforms/Platform_02.png
  artifactKey: Guid(47957807853b0834a856ac1590c64791) Importer(815301076,1909f56bfc062723c751e8b465ee728b)
Start importing Assets/Free Pixel Space Platform Pack/Platforms/Platform_02.png using Guid(47957807853b0834a856ac1590c64791) Importer(815301076,1909f56bfc062723c751e8b465ee728b)  -> (artifact id: '4a0c0645eda67ef2177e67d8449fa4c4') in 0.021099 seconds 
========================================================================
Received Import Request.
  Time since last request: 2.307514 seconds.
  path: Assets/Free Pixel Space Platform Pack/Stones/Stone_01.png
  artifactKey: Guid(debef134526346940b471883e36516ad) Importer(815301076,1909f56bfc062723c751e8b465ee728b)
Start importing Assets/Free Pixel Space Platform Pack/Stones/Stone_01.png using Guid(debef134526346940b471883e36516ad) Importer(815301076,1909f56bfc062723c751e8b465ee728b)  -> (artifact id: '3971bdf81a7c558b998d97c52ce7d6e1') in 0.012507 seconds 
========================================================================
Received Import Request.
  Time since last request: 0.000242 seconds.
  path: Assets/Free Pixel Space Platform Pack/Stones/Stone_02.png
  artifactKey: Guid(c4c9f83e178f8a743bb8e5099c83ffda) Importer(815301076,1909f56bfc062723c751e8b465ee728b)
Start importing Assets/Free Pixel Space Platform Pack/Stones/Stone_02.png using Guid(c4c9f83e178f8a743bb8e5099c83ffda) Importer(815301076,1909f56bfc062723c751e8b465ee728b)  -> (artifact id: 'cdc2ba8e7252b917d6f640e8412a837d') in 0.008825 seconds 
========================================================================
Received Import Request.
  Time since last request: 0.000334 seconds.
  path: Assets/Free Pixel Space Platform Pack/Stones/Stone_03.png
  artifactKey: Guid(531796e321c43e9488fc22ad89f3921f) Importer(815301076,1909f56bfc062723c751e8b465ee728b)
Start importing Assets/Free Pixel Space Platform Pack/Stones/Stone_03.png using Guid(531796e321c43e9488fc22ad89f3921f) Importer(815301076,1909f56bfc062723c751e8b465ee728b)  -> (artifact id: 'e16a7ce8786de2c86206917fa5fde547') in 0.014866 seconds 
========================================================================
Received Import Request.
  Time since last request: 0.217243 seconds.
  path: Assets/Free Pixel Space Platform Pack/Tiles/LeftSteps.png
  artifactKey: Guid(2e95defa14adf5e41b37eebf7a7db3ee) Importer(815301076,1909f56bfc062723c751e8b465ee728b)
Start importing Assets/Free Pixel Space Platform Pack/Tiles/LeftSteps.png using Guid(2e95defa14adf5e41b37eebf7a7db3ee) Importer(815301076,1909f56bfc062723c751e8b465ee728b)  -> (artifact id: '28b35833ba99683f3b72e12cf4e797d3') in 0.011294 seconds 
========================================================================
Received Import Request.
  Time since last request: 0.000286 seconds.
  path: Assets/Free Pixel Space Platform Pack/Tiles/TileLeftRight.png
  artifactKey: Guid(43328411098f27d4dbe577fd4b4d9f15) Importer(815301076,1909f56bfc062723c751e8b465ee728b)
Start importing Assets/Free Pixel Space Platform Pack/Tiles/TileLeftRight.png using Guid(43328411098f27d4dbe577fd4b4d9f15) Importer(815301076,1909f56bfc062723c751e8b465ee728b)  -> (artifact id: 'bb265c91cff4841d974cd9c5aaf2561a') in 0.016592 seconds 
========================================================================
Received Import Request.
  Time since last request: 0.000313 seconds.
  path: Assets/Free Pixel Space Platform Pack/Tiles/TileLeftUp.png
  artifactKey: Guid(ff793d54fae323941b4955f1ab01f702) Importer(815301076,1909f56bfc062723c751e8b465ee728b)
Start importing Assets/Free Pixel Space Platform Pack/Tiles/TileLeftUp.png using Guid(ff793d54fae323941b4955f1ab01f702) Importer(815301076,1909f56bfc062723c751e8b465ee728b)  -> (artifact id: 'dbce583fe1f4f96befe15df47f795936') in 0.016925 seconds 
========================================================================
Received Import Request.
  Time since last request: 0.000259 seconds.
  path: Assets/Free Pixel Space Platform Pack/Tiles/TileDown.png
  artifactKey: Guid(d2a5aa6ad9ecd36438e3d96c46673937) Importer(815301076,1909f56bfc062723c751e8b465ee728b)
Start importing Assets/Free Pixel Space Platform Pack/Tiles/TileDown.png using Guid(d2a5aa6ad9ecd36438e3d96c46673937) Importer(815301076,1909f56bfc062723c751e8b465ee728b)  -> (artifact id: 'e80347f4e63a9e35ea75ee316951f158') in 0.017626 seconds 
========================================================================
Received Import Request.
  Time since last request: 0.000223 seconds.
  path: Assets/Free Pixel Space Platform Pack/Tiles/TileFull.png
  artifactKey: Guid(81798902eea5e0c4caab6112ba05f783) Importer(815301076,1909f56bfc062723c751e8b465ee728b)
Start importing Assets/Free Pixel Space Platform Pack/Tiles/TileFull.png using Guid(81798902eea5e0c4caab6112ba05f783) Importer(815301076,1909f56bfc062723c751e8b465ee728b)  -> (artifact id: 'a6ecbd9ea422b58bb4bce7a1df1febc8') in 0.016265 seconds 
========================================================================
Received Import Request.
  Time since last request: 0.000209 seconds.
  path: Assets/Free Pixel Space Platform Pack/Tiles/TileLeft.png
  artifactKey: Guid(6a76e32b09013ab438a77b41d382d353) Importer(815301076,1909f56bfc062723c751e8b465ee728b)
Start importing Assets/Free Pixel Space Platform Pack/Tiles/TileLeft.png using Guid(6a76e32b09013ab438a77b41d382d353) Importer(815301076,1909f56bfc062723c751e8b465ee728b)  -> (artifact id: '4a55d3bdf4d48a52bed63d41d0383e71') in 0.025452 seconds 
========================================================================
Received Import Request.
  Time since last request: 0.000254 seconds.
  path: Assets/Free Pixel Space Platform Pack/Tiles/RightSteps.png
  artifactKey: Guid(fe3f133074dcf2a4b9f89535360ad89f) Importer(815301076,1909f56bfc062723c751e8b465ee728b)
Start importing Assets/Free Pixel Space Platform Pack/Tiles/RightSteps.png using Guid(fe3f133074dcf2a4b9f89535360ad89f) Importer(815301076,1909f56bfc062723c751e8b465ee728b)  -> (artifact id: '5841abe6b2df86088d4098452225870e') in 0.016794 seconds 
========================================================================
Received Import Request.
  Time since last request: 0.000279 seconds.
  path: Assets/Free Pixel Space Platform Pack/Tiles/TileBack.png
  artifactKey: Guid(a1aa568a921b5c542a627167f51b1f4d) Importer(815301076,1909f56bfc062723c751e8b465ee728b)
Start importing Assets/Free Pixel Space Platform Pack/Tiles/TileBack.png using Guid(a1aa568a921b5c542a627167f51b1f4d) Importer(815301076,1909f56bfc062723c751e8b465ee728b)  -> (artifact id: 'ada13db0d5d9943b26a7d21451ba8c58') in 0.016879 seconds 
========================================================================
Received Import Request.
  Time since last request: 0.000234 seconds.
  path: Assets/Free Pixel Space Platform Pack/Tiles/TileLeftDown.png
  artifactKey: Guid(5f34e21b0e293934bab9c47e1b2f6118) Importer(815301076,1909f56bfc062723c751e8b465ee728b)
Start importing Assets/Free Pixel Space Platform Pack/Tiles/TileLeftDown.png using Guid(5f34e21b0e293934bab9c47e1b2f6118) Importer(815301076,1909f56bfc062723c751e8b465ee728b)  -> (artifact id: '7ce34003f8c9db1ce81c985357408135') in 0.019342 seconds 
========================================================================
Received Import Request.
  Time since last request: 0.000234 seconds.
  path: Assets/Free Pixel Space Platform Pack/Tiles/TileForward.png
  artifactKey: Guid(046b0256d2fa2c64fb3a7689fffbaf3f) Importer(815301076,1909f56bfc062723c751e8b465ee728b)
Start importing Assets/Free Pixel Space Platform Pack/Tiles/TileForward.png using Guid(046b0256d2fa2c64fb3a7689fffbaf3f) Importer(815301076,1909f56bfc062723c751e8b465ee728b)  -> (artifact id: '1801c68d65cbb51c38390b1d78b57ced') in 0.022798 seconds 
========================================================================
Received Import Request.
  Time since last request: 21.927702 seconds.
  path: Assets/Free Pixel Space Platform Pack/Tiles/TileRight.png
  artifactKey: Guid(8b819abfb4eeafe45a4667aa149e8ebc) Importer(815301076,1909f56bfc062723c751e8b465ee728b)
Start importing Assets/Free Pixel Space Platform Pack/Tiles/TileRight.png using Guid(8b819abfb4eeafe45a4667aa149e8ebc) Importer(815301076,1909f56bfc062723c751e8b465ee728b)  -> (artifact id: '379bcb4a11bf4bbdd2d5321933c407b4') in 0.013855 seconds 
========================================================================
Received Import Request.
  Time since last request: 0.000208 seconds.
  path: Assets/Free Pixel Space Platform Pack/Tiles/TileUpRight.png
  artifactKey: Guid(1823a931f6945c54086916081c699694) Importer(815301076,1909f56bfc062723c751e8b465ee728b)
Start importing Assets/Free Pixel Space Platform Pack/Tiles/TileUpRight.png using Guid(1823a931f6945c54086916081c699694) Importer(815301076,1909f56bfc062723c751e8b465ee728b)  -> (artifact id: 'f3d4c0fe8647a6fc090974abc7770b1a') in 0.019762 seconds 
========================================================================
Received Import Request.
  Time since last request: 0.000269 seconds.
  path: Assets/Free Pixel Space Platform Pack/Tiles/TileUpDown.png
  artifactKey: Guid(84c1461c959bb7d498afda3d0f38f5aa) Importer(815301076,1909f56bfc062723c751e8b465ee728b)
Start importing Assets/Free Pixel Space Platform Pack/Tiles/TileUpDown.png using Guid(84c1461c959bb7d498afda3d0f38f5aa) Importer(815301076,1909f56bfc062723c751e8b465ee728b)  -> (artifact id: '8e502252a155fc82151d768e1cb79d19') in 0.023305 seconds 
========================================================================
Received Import Request.
  Time since last request: 0.000229 seconds.
  path: Assets/Free Pixel Space Platform Pack/Tiles/TileRightDown.png
  artifactKey: Guid(3f60caf1034881949921abac5e6ce960) Importer(815301076,1909f56bfc062723c751e8b465ee728b)
Start importing Assets/Free Pixel Space Platform Pack/Tiles/TileRightDown.png using Guid(3f60caf1034881949921abac5e6ce960) Importer(815301076,1909f56bfc062723c751e8b465ee728b)  -> (artifact id: 'ee6d24778f19d43d2cf7340547453e5e') in 0.019018 seconds 
========================================================================
Received Import Request.
  Time since last request: 0.000414 seconds.
  path: Assets/Free Pixel Space Platform Pack/Tiles/TileUp.png
  artifactKey: Guid(17e40cecbd93db641ada5f1e038c89ed) Importer(815301076,1909f56bfc062723c751e8b465ee728b)
Start importing Assets/Free Pixel Space Platform Pack/Tiles/TileUp.png using Guid(17e40cecbd93db641ada5f1e038c89ed) Importer(815301076,1909f56bfc062723c751e8b465ee728b)  -> (artifact id: '0440dc08a12465d65e37471349606a21') in 0.027699 seconds 
========================================================================
Received Import Request.
  Time since last request: 185.992107 seconds.
  path: Assets/Free Pixel Space Platform Pack/Praktikum
  artifactKey: Guid(436ad3b07f2403b44887c53f41b59502) Importer(815301076,1909f56bfc062723c751e8b465ee728b)
Start importing Assets/Free Pixel Space Platform Pack/Praktikum using Guid(436ad3b07f2403b44887c53f41b59502) Importer(815301076,1909f56bfc062723c751e8b465ee728b)  -> (artifact id: 'cddc09696fd244f1f52ecf6d01e148ad') in 0.002008 seconds 
========================================================================
Received Import Request.
  Time since last request: 9.062494 seconds.
  path: Assets/Free Pixel Space Platform Pack/Praktikum/Tiles
  artifactKey: Guid(635749d58c8a01647b989876600eda4c) Importer(815301076,1909f56bfc062723c751e8b465ee728b)
Start importing Assets/Free Pixel Space Platform Pack/Praktikum/Tiles using Guid(635749d58c8a01647b989876600eda4c) Importer(815301076,1909f56bfc062723c751e8b465ee728b)  -> (artifact id: 'c5a696d6ca942ca2e140a555723b57d1') in 0.003104 seconds 
========================================================================
Received Import Request.
  Time since last request: 8.828768 seconds.
  path: Assets/Free Pixel Space Platform Pack/Praktikum/Tile Palette
  artifactKey: Guid(206a907fb6c0b774693f804754db3720) Importer(815301076,1909f56bfc062723c751e8b465ee728b)
Start importing Assets/Free Pixel Space Platform Pack/Praktikum/Tile Palette using Guid(206a907fb6c0b774693f804754db3720) Importer(815301076,1909f56bfc062723c751e8b465ee728b)  -> (artifact id: '10426b98d7a21529736de00170abc50d') in 0.002071 seconds 
========================================================================
Received Import Request.
  Time since last request: 179.513216 seconds.
  path: Assets/Free Pixel Space Platform Pack/Praktikum/Game.unity
  artifactKey: Guid(5130b70df556e3249bc16f9fd0cf4c42) Importer(815301076,1909f56bfc062723c751e8b465ee728b)
Start importing Assets/Free Pixel Space Platform Pack/Praktikum/Game.unity using Guid(5130b70df556e3249bc16f9fd0cf4c42) Importer(815301076,1909f56bfc062723c751e8b465ee728b)  -> (artifact id: '43060e435122be7e9194297616fa2f73') in 0.003524 seconds 
========================================================================
Received Import Request.
  Time since last request: 484.433652 seconds.
  path: Assets/Free Pixel Space Platform Pack/Plants/VioletTree_02.png
  artifactKey: Guid(f54556ea2c55aef46af457e96846a98c) Importer(815301076,1909f56bfc062723c751e8b465ee728b)
Start importing Assets/Free Pixel Space Platform Pack/Plants/VioletTree_02.png using Guid(f54556ea2c55aef46af457e96846a98c) Importer(815301076,1909f56bfc062723c751e8b465ee728b)  -> (artifact id: '885cff3cbd54fb717fc2a3febb49c2aa') in 0.014843 seconds 
========================================================================
Received Import Request.
  Time since last request: 0.000458 seconds.
  path: Assets/Free Pixel Space Platform Pack/Plants/VioletTree_03.png
  artifactKey: Guid(d7c4331171b8f1d4da407a4bd6d4f8f4) Importer(815301076,1909f56bfc062723c751e8b465ee728b)
Start importing Assets/Free Pixel Space Platform Pack/Plants/VioletTree_03.png using Guid(d7c4331171b8f1d4da407a4bd6d4f8f4) Importer(815301076,1909f56bfc062723c751e8b465ee728b)  -> (artifact id: '553859059f0d58ca143855e102cef2c5') in 0.009708 seconds 
========================================================================
Received Import Request.
  Time since last request: 1293.588474 seconds.
  path: Assets/Free Pixel Space Platform Pack/Tiles/TileForward.png
  artifactKey: Guid(046b0256d2fa2c64fb3a7689fffbaf3f) Importer(815301076,1909f56bfc062723c751e8b465ee728b)
Start importing Assets/Free Pixel Space Platform Pack/Tiles/TileForward.png using Guid(046b0256d2fa2c64fb3a7689fffbaf3f) Importer(815301076,1909f56bfc062723c751e8b465ee728b)  -> (artifact id: 'ec708c881b444b091112b64ece242360') in 0.013647 seconds 
========================================================================
Received Import Request.
  Time since last request: 29.907544 seconds.
  path: Assets/Free Pixel Space Platform Pack/Tiles/TileForward.png
  artifactKey: Guid(046b0256d2fa2c64fb3a7689fffbaf3f) Importer(815301076,1909f56bfc062723c751e8b465ee728b)
Start importing Assets/Free Pixel Space Platform Pack/Tiles/TileForward.png using Guid(046b0256d2fa2c64fb3a7689fffbaf3f) Importer(815301076,1909f56bfc062723c751e8b465ee728b)  -> (artifact id: '134bddcdd61d1c7b7c4167c2e7c8234e') in 0.009870 seconds 
========================================================================
Received Import Request.
  Time since last request: 10.478167 seconds.
  path: Assets/Free Pixel Space Platform Pack/Tiles/TileForward.png
  artifactKey: Guid(046b0256d2fa2c64fb3a7689fffbaf3f) Importer(815301076,1909f56bfc062723c751e8b465ee728b)
Start importing Assets/Free Pixel Space Platform Pack/Tiles/TileForward.png using Guid(046b0256d2fa2c64fb3a7689fffbaf3f) Importer(815301076,1909f56bfc062723c751e8b465ee728b)  -> (artifact id: '834398d94b332f8e16da63cfa82cd70b') in 0.009510 seconds 
========================================================================
Received Import Request.
  Time since last request: 20.042159 seconds.
  path: Assets/Free Pixel Space Platform Pack/Tiles/TileForward.png
  artifactKey: Guid(046b0256d2fa2c64fb3a7689fffbaf3f) Importer(815301076,1909f56bfc062723c751e8b465ee728b)
Start importing Assets/Free Pixel Space Platform Pack/Tiles/TileForward.png using Guid(046b0256d2fa2c64fb3a7689fffbaf3f) Importer(815301076,1909f56bfc062723c751e8b465ee728b)  -> (artifact id: '57701ad87397e00cffc66b4a3bd288a1') in 0.011158 seconds 
========================================================================
Received Import Request.
  Time since last request: 21.705498 seconds.
  path: Assets/Free Pixel Space Platform Pack/Tiles/LeftSteps.png
  artifactKey: Guid(2e95defa14adf5e41b37eebf7a7db3ee) Importer(815301076,1909f56bfc062723c751e8b465ee728b)
Start importing Assets/Free Pixel Space Platform Pack/Tiles/LeftSteps.png using Guid(2e95defa14adf5e41b37eebf7a7db3ee) Importer(815301076,1909f56bfc062723c751e8b465ee728b)  -> (artifact id: '85778cd69b8933ae3b83b2b357d58223') in 0.010592 seconds 
========================================================================
Received Import Request.
  Time since last request: 4.527413 seconds.
  path: Assets/Free Pixel Space Platform Pack/Tiles/RightSteps.png
  artifactKey: Guid(fe3f133074dcf2a4b9f89535360ad89f) Importer(815301076,1909f56bfc062723c751e8b465ee728b)
Start importing Assets/Free Pixel Space Platform Pack/Tiles/RightSteps.png using Guid(fe3f133074dcf2a4b9f89535360ad89f) Importer(815301076,1909f56bfc062723c751e8b465ee728b)  -> (artifact id: '4e4077673c1531ef7a36dac389302100') in 0.010608 seconds 
========================================================================
Received Import Request.
  Time since last request: 12.566520 seconds.
  path: Assets/Free Pixel Space Platform Pack/Tiles/TileBack.png
  artifactKey: Guid(a1aa568a921b5c542a627167f51b1f4d) Importer(815301076,1909f56bfc062723c751e8b465ee728b)
Start importing Assets/Free Pixel Space Platform Pack/Tiles/TileBack.png using Guid(a1aa568a921b5c542a627167f51b1f4d) Importer(815301076,1909f56bfc062723c751e8b465ee728b)  -> (artifact id: '028b1845e9b83c2f324b50cbe591c71f') in 0.009398 seconds 
========================================================================
Received Import Request.
  Time since last request: 18.430839 seconds.
  path: Assets/Free Pixel Space Platform Pack/Platforms/Platform_01.png
  artifactKey: Guid(d5a5a095533998846bf0837cde435e5d) Importer(815301076,1909f56bfc062723c751e8b465ee728b)
Start importing Assets/Free Pixel Space Platform Pack/Platforms/Platform_01.png using Guid(d5a5a095533998846bf0837cde435e5d) Importer(815301076,1909f56bfc062723c751e8b465ee728b)  -> (artifact id: '86aa88eb788102dc9cf2223e1f4a0093') in 0.017806 seconds 
========================================================================
Received Import Request.
  Time since last request: 8.231023 seconds.
  path: Assets/Free Pixel Space Platform Pack/Platforms/Platform_02.png
  artifactKey: Guid(47957807853b0834a856ac1590c64791) Importer(815301076,1909f56bfc062723c751e8b465ee728b)
Start importing Assets/Free Pixel Space Platform Pack/Platforms/Platform_02.png using Guid(47957807853b0834a856ac1590c64791) Importer(815301076,1909f56bfc062723c751e8b465ee728b)  -> (artifact id: 'f17d56bc13cec1749781b0780801ae11') in 0.027926 seconds 
========================================================================
Received Import Request.
  Time since last request: 24.457447 seconds.
  path: Assets/Free Pixel Space Platform Pack/Tiles/TileDown.png
  artifactKey: Guid(d2a5aa6ad9ecd36438e3d96c46673937) Importer(815301076,1909f56bfc062723c751e8b465ee728b)
Start importing Assets/Free Pixel Space Platform Pack/Tiles/TileDown.png using Guid(d2a5aa6ad9ecd36438e3d96c46673937) Importer(815301076,1909f56bfc062723c751e8b465ee728b)  -> (artifact id: '90f5404107fed36acb2935286e57d19b') in 0.011823 seconds 
========================================================================
Received Import Request.
  Time since last request: 516.153026 seconds.
  path: Assets/Free Pixel Space Platform Pack/Tiles/LeftSteps.png
  artifactKey: Guid(2e95defa14adf5e41b37eebf7a7db3ee) Importer(815301076,1909f56bfc062723c751e8b465ee728b)
Start importing Assets/Free Pixel Space Platform Pack/Tiles/LeftSteps.png using Guid(2e95defa14adf5e41b37eebf7a7db3ee) Importer(815301076,1909f56bfc062723c751e8b465ee728b)  -> (artifact id: '31df15bc040ae9fa10acb863fa641366') in 0.011673 seconds 
========================================================================
Received Import Request.
  Time since last request: 22.413003 seconds.
  path: Assets/Free Pixel Space Platform Pack/Tiles/LeftSteps.png
  artifactKey: Guid(2e95defa14adf5e41b37eebf7a7db3ee) Importer(815301076,1909f56bfc062723c751e8b465ee728b)
Start importing Assets/Free Pixel Space Platform Pack/Tiles/LeftSteps.png using Guid(2e95defa14adf5e41b37eebf7a7db3ee) Importer(815301076,1909f56bfc062723c751e8b465ee728b)  -> (artifact id: '6e75d6354a8b1dbabb2189293cf214a7') in 0.010427 seconds 
========================================================================
Received Import Request.
  Time since last request: 2398.645388 seconds.
  path: Assets/Free Pixel Space Platform Pack/Portal/PortalOn.png
  artifactKey: Guid(a250755ac1951bb4fa0ea9b06a3408a8) Importer(815301076,1909f56bfc062723c751e8b465ee728b)
Start importing Assets/Free Pixel Space Platform Pack/Portal/PortalOn.png using Guid(a250755ac1951bb4fa0ea9b06a3408a8) Importer(815301076,1909f56bfc062723c751e8b465ee728b)  -> (artifact id: '4243d3b74347f03cc5a147558eb526d6') in 0.035628 seconds 
========================================================================
Received Import Request.
  Time since last request: 13.939337 seconds.
  path: Assets/Free Pixel Space Platform Pack/Plants/GrassDown_01.png
  artifactKey: Guid(88ef4bfdabca9e644a0a8f1e0c592cba) Importer(815301076,1909f56bfc062723c751e8b465ee728b)
Start importing Assets/Free Pixel Space Platform Pack/Plants/GrassDown_01.png using Guid(88ef4bfdabca9e644a0a8f1e0c592cba) Importer(815301076,1909f56bfc062723c751e8b465ee728b)  -> (artifact id: '61958491941f8eeeb05623da5d98d5f0') in 0.012551 seconds 
========================================================================
Received Import Request.
  Time since last request: 6.605764 seconds.
  path: Assets/Free Pixel Space Platform Pack/Plants/GrassUp.png
  artifactKey: Guid(c33597f3b548250438320bd772ebb30e) Importer(815301076,1909f56bfc062723c751e8b465ee728b)
Start importing Assets/Free Pixel Space Platform Pack/Plants/GrassUp.png using Guid(c33597f3b548250438320bd772ebb30e) Importer(815301076,1909f56bfc062723c751e8b465ee728b)  -> (artifact id: '52fb616d4cfa0d302a11b772ed1c3130') in 0.013558 seconds 
========================================================================
Received Import Request.
  Time since last request: 4.053854 seconds.
  path: Assets/Free Pixel Space Platform Pack/Plants/GreenBush.png
  artifactKey: Guid(da20a98f295c37f45a640ed110f4cc95) Importer(815301076,1909f56bfc062723c751e8b465ee728b)
Start importing Assets/Free Pixel Space Platform Pack/Plants/GreenBush.png using Guid(da20a98f295c37f45a640ed110f4cc95) Importer(815301076,1909f56bfc062723c751e8b465ee728b)  -> (artifact id: 'dd02b8d38e030a1195ad806fd2f54558') in 0.012552 seconds 
========================================================================
Received Import Request.
  Time since last request: 3.996391 seconds.
  path: Assets/Free Pixel Space Platform Pack/Plants/GreenTree_01.png
  artifactKey: Guid(1fd6c0bea09fddd499980688c890931a) Importer(815301076,1909f56bfc062723c751e8b465ee728b)
Start importing Assets/Free Pixel Space Platform Pack/Plants/GreenTree_01.png using Guid(1fd6c0bea09fddd499980688c890931a) Importer(815301076,1909f56bfc062723c751e8b465ee728b)  -> (artifact id: '649a7f92beb961ecf31868c826f7b5dc') in 0.016360 seconds 
========================================================================
Received Import Request.
  Time since last request: 2.876057 seconds.
  path: Assets/Free Pixel Space Platform Pack/Plants/GreenTree_02.png
  artifactKey: Guid(94f96ef6adad1744a814e6b8ece0ec8d) Importer(815301076,1909f56bfc062723c751e8b465ee728b)
Start importing Assets/Free Pixel Space Platform Pack/Plants/GreenTree_02.png using Guid(94f96ef6adad1744a814e6b8ece0ec8d) Importer(815301076,1909f56bfc062723c751e8b465ee728b)  -> (artifact id: '95f495bd17fc0ddc81cae14326df7b4a') in 0.016155 seconds 
========================================================================
Received Import Request.
  Time since last request: 3.286988 seconds.
  path: Assets/Free Pixel Space Platform Pack/Plants/GreenTree_03.png
  artifactKey: Guid(6b7a70471676896428a5f414f73c2134) Importer(815301076,1909f56bfc062723c751e8b465ee728b)
Start importing Assets/Free Pixel Space Platform Pack/Plants/GreenTree_03.png using Guid(6b7a70471676896428a5f414f73c2134) Importer(815301076,1909f56bfc062723c751e8b465ee728b)  -> (artifact id: '2f2a89798ed8d78ec1b90ee2be29ff1e') in 0.016167 seconds 
========================================================================
Received Import Request.
  Time since last request: 4.067730 seconds.
  path: Assets/Free Pixel Space Platform Pack/Plants/VioletMushroom_01.png
  artifactKey: Guid(91b8dcd8b97f858439485b63a6278b62) Importer(815301076,1909f56bfc062723c751e8b465ee728b)
Start importing Assets/Free Pixel Space Platform Pack/Plants/VioletMushroom_01.png using Guid(91b8dcd8b97f858439485b63a6278b62) Importer(815301076,1909f56bfc062723c751e8b465ee728b)  -> (artifact id: '9ad2575209b183c63e157b6b836c3a7b') in 0.008844 seconds 
========================================================================
Received Import Request.
  Time since last request: 2.640286 seconds.
  path: Assets/Free Pixel Space Platform Pack/Plants/VioletMushroom_02.png
  artifactKey: Guid(9cd9401400962034eb249e1823bc1917) Importer(815301076,1909f56bfc062723c751e8b465ee728b)
Start importing Assets/Free Pixel Space Platform Pack/Plants/VioletMushroom_02.png using Guid(9cd9401400962034eb249e1823bc1917) Importer(815301076,1909f56bfc062723c751e8b465ee728b)  -> (artifact id: 'eea30f44f7afc208ef4845deccf86e74') in 0.011895 seconds 
========================================================================
Received Import Request.
  Time since last request: 2.583689 seconds.
  path: Assets/Free Pixel Space Platform Pack/Plants/VioletTree_01.png
  artifactKey: Guid(0ea2d438142d63f4da9a3d26c09921a0) Importer(815301076,1909f56bfc062723c751e8b465ee728b)
Start importing Assets/Free Pixel Space Platform Pack/Plants/VioletTree_01.png using Guid(0ea2d438142d63f4da9a3d26c09921a0) Importer(815301076,1909f56bfc062723c751e8b465ee728b)  -> (artifact id: 'a754f11fb711bf19b77b4f9082c96202') in 0.010682 seconds 
========================================================================
Received Import Request.
  Time since last request: 2.746118 seconds.
  path: Assets/Free Pixel Space Platform Pack/Plants/VioletTree_02.png
  artifactKey: Guid(f54556ea2c55aef46af457e96846a98c) Importer(815301076,1909f56bfc062723c751e8b465ee728b)
Start importing Assets/Free Pixel Space Platform Pack/Plants/VioletTree_02.png using Guid(f54556ea2c55aef46af457e96846a98c) Importer(815301076,1909f56bfc062723c751e8b465ee728b)  -> (artifact id: '985119313a76283d27b8242de8b61db9') in 0.010826 seconds 
========================================================================
Received Import Request.
  Time since last request: 9.307234 seconds.
  path: Assets/Free Pixel Space Platform Pack/Crystals/Crystal_01.png
  artifactKey: Guid(74a5671230dc7084fa09de6ca3a551ab) Importer(815301076,1909f56bfc062723c751e8b465ee728b)
Start importing Assets/Free Pixel Space Platform Pack/Crystals/Crystal_01.png using Guid(74a5671230dc7084fa09de6ca3a551ab) Importer(815301076,1909f56bfc062723c751e8b465ee728b)  -> (artifact id: '938b0651a888fb86464f2a3e6746f8b9') in 0.010142 seconds 
========================================================================
Received Import Request.
  Time since last request: 2.579046 seconds.
  path: Assets/Free Pixel Space Platform Pack/Crystals/Crystal_02.png
  artifactKey: Guid(7a4e2a16a00a6d645b159d4890bfc3a4) Importer(815301076,1909f56bfc062723c751e8b465ee728b)
Start importing Assets/Free Pixel Space Platform Pack/Crystals/Crystal_02.png using Guid(7a4e2a16a00a6d645b159d4890bfc3a4) Importer(815301076,1909f56bfc062723c751e8b465ee728b)  -> (artifact id: 'c2cfb94049397d77661c680990c837e1') in 0.018364 seconds 
========================================================================
Received Import Request.
  Time since last request: 5.480952 seconds.
  path: Assets/Free Pixel Space Platform Pack/Boxes/Box_01.png
  artifactKey: Guid(1470a8da87de4eb44966e953ef10b55e) Importer(815301076,1909f56bfc062723c751e8b465ee728b)
Start importing Assets/Free Pixel Space Platform Pack/Boxes/Box_01.png using Guid(1470a8da87de4eb44966e953ef10b55e) Importer(815301076,1909f56bfc062723c751e8b465ee728b)  -> (artifact id: '96c7d3de1bbc2c2815807c61f8ccf0c2') in 0.013446 seconds 
========================================================================
Received Import Request.
  Time since last request: 13.212794 seconds.
  path: Assets/Free Pixel Space Platform Pack/Stones/Stone_01.png
  artifactKey: Guid(debef134526346940b471883e36516ad) Importer(815301076,1909f56bfc062723c751e8b465ee728b)
Start importing Assets/Free Pixel Space Platform Pack/Stones/Stone_01.png using Guid(debef134526346940b471883e36516ad) Importer(815301076,1909f56bfc062723c751e8b465ee728b)  -> (artifact id: '0ec624a14d886ee0ba3319f9c6cecaf6') in 0.013541 seconds 
========================================================================
Received Import Request.
  Time since last request: 3.111484 seconds.
  path: Assets/Free Pixel Space Platform Pack/Stones/Stone_02.png
  artifactKey: Guid(c4c9f83e178f8a743bb8e5099c83ffda) Importer(815301076,1909f56bfc062723c751e8b465ee728b)
Start importing Assets/Free Pixel Space Platform Pack/Stones/Stone_02.png using Guid(c4c9f83e178f8a743bb8e5099c83ffda) Importer(815301076,1909f56bfc062723c751e8b465ee728b)  -> (artifact id: '75fe317476a03aa0e11ec3adf02e81b7') in 0.009360 seconds 
========================================================================
Received Import Request.
  Time since last request: 4.575263 seconds.
  path: Assets/Free Pixel Space Platform Pack/Portal/PortalOff.png
  artifactKey: Guid(ecb1aaf3f627cd44e80d674bfd9228f2) Importer(815301076,1909f56bfc062723c751e8b465ee728b)
Start importing Assets/Free Pixel Space Platform Pack/Portal/PortalOff.png using Guid(ecb1aaf3f627cd44e80d674bfd9228f2) Importer(815301076,1909f56bfc062723c751e8b465ee728b)  -> (artifact id: '4e78bf6fccd4f742a78097c4017a555e') in 0.010974 seconds 
========================================================================
Received Import Request.
  Time since last request: 1.578992 seconds.
  path: Assets/Free Pixel Space Platform Pack/Plants/VioletTree_03.png
  artifactKey: Guid(d7c4331171b8f1d4da407a4bd6d4f8f4) Importer(815301076,1909f56bfc062723c751e8b465ee728b)
Start importing Assets/Free Pixel Space Platform Pack/Plants/VioletTree_03.png using Guid(d7c4331171b8f1d4da407a4bd6d4f8f4) Importer(815301076,1909f56bfc062723c751e8b465ee728b)  -> (artifact id: '56dd49529c28e0a82faa28e4983674a0') in 0.009741 seconds 
========================================================================
Received Import Request.
  Time since last request: 1.956203 seconds.
  path: Assets/Free Pixel Space Platform Pack/Boxes/Box_02.png
  artifactKey: Guid(3893185237368e74eab199e2a1a99651) Importer(815301076,1909f56bfc062723c751e8b465ee728b)
Start importing Assets/Free Pixel Space Platform Pack/Boxes/Box_02.png using Guid(3893185237368e74eab199e2a1a99651) Importer(815301076,1909f56bfc062723c751e8b465ee728b)  -> (artifact id: 'd6a2b11b0348b162e07ec8db57669e7e') in 0.011440 seconds 
========================================================================
Received Import Request.
  Time since last request: 0.405952 seconds.
  path: Assets/Free Pixel Space Platform Pack/Crystals/Crystal_03.png
  artifactKey: Guid(06443816dcf9c55449f8c2107d2c0507) Importer(815301076,1909f56bfc062723c751e8b465ee728b)
Start importing Assets/Free Pixel Space Platform Pack/Crystals/Crystal_03.png using Guid(06443816dcf9c55449f8c2107d2c0507) Importer(815301076,1909f56bfc062723c751e8b465ee728b)  -> (artifact id: 'c6a5999f767cf46b608e02f5b281cee7') in 0.014409 seconds 
========================================================================
Received Import Request.
  Time since last request: 17.217085 seconds.
  path: Assets/Free Pixel Space Platform Pack/Astronaut/AstroStay.png
  artifactKey: Guid(7147553b1e72eec449c5ace4f9f4d13a) Importer(815301076,1909f56bfc062723c751e8b465ee728b)
Start importing Assets/Free Pixel Space Platform Pack/Astronaut/AstroStay.png using Guid(7147553b1e72eec449c5ace4f9f4d13a) Importer(815301076,1909f56bfc062723c751e8b465ee728b)  -> (artifact id: '9e607940215ada4a3b84093f6b457743') in 0.012081 seconds 
========================================================================
Received Import Request.
  Time since last request: 352.285444 seconds.
  path: Assets/Free Pixel Space Platform Pack/Stones/Stone_03.png
  artifactKey: Guid(531796e321c43e9488fc22ad89f3921f) Importer(815301076,1909f56bfc062723c751e8b465ee728b)
Start importing Assets/Free Pixel Space Platform Pack/Stones/Stone_03.png using Guid(531796e321c43e9488fc22ad89f3921f) Importer(815301076,1909f56bfc062723c751e8b465ee728b)  -> (artifact id: '1c0d21273dbd6f61ce7bf28753871390') in 0.011368 seconds 
========================================================================
Received Prepare
Registering precompiled user dll's ...
Registered in 0.004189 seconds.
Begin MonoManager ReloadAssembly
Native extension for WindowsStandalone target not found
Refreshing native plugins compatible for Editor in 0.67 ms, found 3 plugins.
Preloading 0 native plugins for Editor in 0.00 ms.
Mono: successfully reloaded assembly
- Completed reload, in  1.199 seconds
Domain Reload Profiling:
	ReloadAssembly (1200ms)
		BeginReloadAssembly (185ms)
			ExecutionOrderSort (0ms)
			DisableScriptedObjects (9ms)
			BackupInstance (0ms)
			ReleaseScriptingObjects (0ms)
			CreateAndSetChildDomain (67ms)
		EndReloadAssembly (935ms)
			LoadAssemblies (134ms)
			RebuildTransferFunctionScriptingTraits (0ms)
			SetupTypeCache (352ms)
			ReleaseScriptCaches (1ms)
			RebuildScriptCaches (53ms)
			SetupLoadedEditorAssemblies (312ms)
				LogAssemblyErrors (0ms)
				InitializePlatformSupportModulesInManaged (6ms)
				SetLoadedEditorAssemblies (2ms)
				RefreshPlugins (1ms)
				BeforeProcessingInitializeOnLoad (68ms)
				ProcessInitializeOnLoadAttributes (218ms)
				ProcessInitializeOnLoadMethodAttributes (11ms)
				AfterProcessingInitializeOnLoad (6ms)
				EditorAssembliesLoaded (0ms)
			ExecutionOrderSort2 (0ms)
			AwakeInstancesAfterBackupRestoration (3ms)
Platform modules already initialized, skipping
Refreshing native plugins compatible for Editor in 0.52 ms, found 3 plugins.
Preloading 0 native plugins for Editor in 0.00 ms.
Unloading 2007 Unused Serialized files (Serialized files now loaded: 0)
System memory in use before: 95.5 MB.
System memory in use after: 95.5 MB.

Unloading 18 unused Assets to reduce memory usage. Loaded Objects now: 2469.
Total: 3.276900 ms (FindLiveObjects: 0.195400 ms CreateObjectMapping: 0.069000 ms MarkObjects: 2.911000 ms  DeleteObjects: 0.100300 ms)

AssetImportParameters requested are different than current active one (requested -> active):
  custom:framework-win-MediaFoundation: 216162199b28c13a410421893ffa2e32 -> 
  custom:video-decoder-ogg-theora: a1e56fd34408186e4bbccfd4996cb3dc -> 
  custom:container-muxer-webm: aa71ff27fc2769a1b78a27578f13a17b -> 
  custom:container-demuxer-webm: 4f35f7cbe854078d1ac9338744f61a02 -> 
  custom:container-demuxer-ogg: 62fdf1f143b41e24485cea50d1cbac27 -> 
  custom:video-encoder-webm-vp8: eb34c28f22e8b96e1ab97ce403110664 -> 
  custom:video-codec-MediaFoundation-h265: 746d11721c4dcdbdad8f713fa42b33f4 -> 
  custom:video-decoder-webm-vp8: 9c59270c3fd7afecdb556c50c9e8de78 -> 
  custom:audio-decoder-ogg-vorbis: bf7c407c2cedff20999df2af8eb42d56 -> 
  custom:audio-encoder-webm-vorbis: bf7c407c2cedff20999df2af8eb42d56 -> 
========================================================================
Received Prepare
Registering precompiled user dll's ...
Registered in 0.003702 seconds.
Begin MonoManager ReloadAssembly
Native extension for WindowsStandalone target not found
Refreshing native plugins compatible for Editor in 0.46 ms, found 3 plugins.
Preloading 0 native plugins for Editor in 0.00 ms.
Mono: successfully reloaded assembly
- Completed reload, in  0.932 seconds
Domain Reload Profiling:
	ReloadAssembly (932ms)
		BeginReloadAssembly (121ms)
			ExecutionOrderSort (0ms)
			DisableScriptedObjects (9ms)
			BackupInstance (0ms)
			ReleaseScriptingObjects (0ms)
			CreateAndSetChildDomain (36ms)
		EndReloadAssembly (745ms)
			LoadAssemblies (100ms)
			RebuildTransferFunctionScriptingTraits (0ms)
			SetupTypeCache (287ms)
			ReleaseScriptCaches (1ms)
			RebuildScriptCaches (43ms)
			SetupLoadedEditorAssemblies (247ms)
				LogAssemblyErrors (0ms)
				InitializePlatformSupportModulesInManaged (4ms)
				SetLoadedEditorAssemblies (0ms)
				RefreshPlugins (1ms)
				BeforeProcessingInitializeOnLoad (51ms)
				ProcessInitializeOnLoadAttributes (178ms)
				ProcessInitializeOnLoadMethodAttributes (8ms)
				AfterProcessingInitializeOnLoad (5ms)
				EditorAssembliesLoaded (0ms)
			ExecutionOrderSort2 (0ms)
			AwakeInstancesAfterBackupRestoration (2ms)
Platform modules already initialized, skipping
Refreshing native plugins compatible for Editor in 0.50 ms, found 3 plugins.
Preloading 0 native plugins for Editor in 0.00 ms.
Unloading 2007 Unused Serialized files (Serialized files now loaded: 0)
System memory in use before: 95.5 MB.
System memory in use after: 95.5 MB.

Unloading 18 unused Assets to reduce memory usage. Loaded Objects now: 2472.
Total: 2.978400 ms (FindLiveObjects: 0.198400 ms CreateObjectMapping: 0.091600 ms MarkObjects: 2.588400 ms  DeleteObjects: 0.099000 ms)

AssetImportParameters requested are different than current active one (requested -> active):
  custom:framework-win-MediaFoundation: 216162199b28c13a410421893ffa2e32 -> 
  custom:video-decoder-ogg-theora: a1e56fd34408186e4bbccfd4996cb3dc -> 
  custom:container-muxer-webm: aa71ff27fc2769a1b78a27578f13a17b -> 
  custom:container-demuxer-webm: 4f35f7cbe854078d1ac9338744f61a02 -> 
  custom:container-demuxer-ogg: 62fdf1f143b41e24485cea50d1cbac27 -> 
  custom:video-encoder-webm-vp8: eb34c28f22e8b96e1ab97ce403110664 -> 
  custom:video-codec-MediaFoundation-h265: 746d11721c4dcdbdad8f713fa42b33f4 -> 
  custom:video-decoder-webm-vp8: 9c59270c3fd7afecdb556c50c9e8de78 -> 
  custom:audio-decoder-ogg-vorbis: bf7c407c2cedff20999df2af8eb42d56 -> 
  custom:audio-encoder-webm-vorbis: bf7c407c2cedff20999df2af8eb42d56 -> 
AssetImportWorkerClient::OnTransportError - code=2 error=End of file
